c:\users\felicitia\desktop\hw1_zyx\debug\cs580hw1.pch
c:\users\felicitia\desktop\hw1_zyx\debug\vc120.pdb
c:\users\felicitia\desktop\hw1_zyx\debug\vc120.idb
c:\users\felicitia\desktop\hw1_zyx\debug\stdafx.obj
c:\users\felicitia\desktop\hw1_zyx\debug\application.obj
c:\users\felicitia\desktop\hw1_zyx\debug\application1.obj
c:\users\felicitia\desktop\hw1_zyx\debug\cs580hw.obj
c:\users\felicitia\desktop\hw1_zyx\debug\cs580hwdoc.obj
c:\users\felicitia\desktop\hw1_zyx\debug\cs580hwview.obj
c:\users\felicitia\desktop\hw1_zyx\debug\disp.obj
c:\users\felicitia\desktop\hw1_zyx\debug\mainfrm.obj
c:\users\felicitia\desktop\hw1_zyx\debug\cs580hw1.ilk
c:\users\felicitia\desktop\hw1_zyx\debug\cs580hw1.exe
c:\users\felicitia\desktop\hw1_zyx\debug\cs580hw1.pdb
c:\users\felicitia\desktop\hw1_zyx\debug\cs580hw.res
c:\users\felicitia\desktop\hw1_zyx\.\debug\cs580hw1.exe
c:\users\felicitia\desktop\hw1_zyx\debug\cs580hw1.tlog\cl.command.1.tlog
c:\users\felicitia\desktop\hw1_zyx\debug\cs580hw1.tlog\cl.read.1.tlog
c:\users\felicitia\desktop\hw1_zyx\debug\cs580hw1.tlog\cl.write.1.tlog
c:\users\felicitia\desktop\hw1_zyx\debug\cs580hw1.tlog\link.command.1.tlog
c:\users\felicitia\desktop\hw1_zyx\debug\cs580hw1.tlog\link.read.1.tlog
c:\users\felicitia\desktop\hw1_zyx\debug\cs580hw1.tlog\link.write.1.tlog
c:\users\felicitia\desktop\hw1_zyx\debug\cs580hw1.tlog\rc.command.1.tlog
c:\users\felicitia\desktop\hw1_zyx\debug\cs580hw1.tlog\rc.read.1.tlog
c:\users\felicitia\desktop\hw1_zyx\debug\cs580hw1.tlog\rc.write.1.tlog
