c:\users\felicitia\desktop\hw2_zyx\debug\vc120.pdb
c:\users\felicitia\desktop\hw2_zyx\debug\vc120.idb
c:\users\felicitia\desktop\hw2_zyx\debug\application.obj
c:\users\felicitia\desktop\hw2_zyx\debug\application2.obj
c:\users\felicitia\desktop\hw2_zyx\debug\cs580hw.obj
c:\users\felicitia\desktop\hw2_zyx\debug\cs580hwdoc.obj
c:\users\felicitia\desktop\hw2_zyx\debug\cs580hwview.obj
c:\users\felicitia\desktop\hw2_zyx\debug\disp.obj
c:\users\felicitia\desktop\hw2_zyx\debug\mainfrm.obj
c:\users\felicitia\desktop\hw2_zyx\debug\rend.obj
c:\users\felicitia\desktop\hw2_zyx\debug\cs580hw2.pch
c:\users\felicitia\desktop\hw2_zyx\debug\stdafx.obj
c:\users\felicitia\desktop\hw2_zyx\debug\cs580hw2.ilk
c:\users\felicitia\desktop\hw2_zyx\debug\cs580hw2.exe
c:\users\felicitia\desktop\hw2_zyx\debug\cs580hw2.pdb
c:\users\felicitia\desktop\hw2_zyx\debug\cs580hw.res
c:\users\felicitia\desktop\hw2_zyx\debug\cs580hw2.tlog\cl.command.1.tlog
c:\users\felicitia\desktop\hw2_zyx\debug\cs580hw2.tlog\cl.read.1.tlog
c:\users\felicitia\desktop\hw2_zyx\debug\cs580hw2.tlog\cl.write.1.tlog
c:\users\felicitia\desktop\hw2_zyx\debug\cs580hw2.tlog\link-cvtres.read.1.tlog
c:\users\felicitia\desktop\hw2_zyx\debug\cs580hw2.tlog\link-cvtres.write.1.tlog
c:\users\felicitia\desktop\hw2_zyx\debug\cs580hw2.tlog\link-mt.read.1.tlog
c:\users\felicitia\desktop\hw2_zyx\debug\cs580hw2.tlog\link-mt.write.1.tlog
c:\users\felicitia\desktop\hw2_zyx\debug\cs580hw2.tlog\link-rc.read.1.tlog
c:\users\felicitia\desktop\hw2_zyx\debug\cs580hw2.tlog\link-rc.write.1.tlog
c:\users\felicitia\desktop\hw2_zyx\debug\cs580hw2.tlog\link.command.1.tlog
c:\users\felicitia\desktop\hw2_zyx\debug\cs580hw2.tlog\link.read.1.tlog
c:\users\felicitia\desktop\hw2_zyx\debug\cs580hw2.tlog\link.write.1.tlog
c:\users\felicitia\desktop\hw2_zyx\debug\cs580hw2.tlog\rc.command.1.tlog
c:\users\felicitia\desktop\hw2_zyx\debug\cs580hw2.tlog\rc.read.1.tlog
c:\users\felicitia\desktop\hw2_zyx\debug\cs580hw2.tlog\rc.write.1.tlog
