Build started 3/7/2015 11:43:40 PM.
Project "C:\Users\felicitia\Desktop\HW4\CS580HW4.vcxproj" on node 2 (Build target(s)).
ClCompile:
  C:\visual studio 2013\VC\bin\CL.exe /c /ZI /nologo /W3 /WX- /Od /Oy- /D WIN32 /D _DEBUG /D _WINDOWS /D _VC80_UPGRADE=0x0600 /D _UNICODE /D UNICODE /D _AFXDLL /Gm /EHsc /RTC1 /MDd /GS /Gy- /fp:precise /Zc:wchar_t /Zc:forScope /Yu"stdafx.h" /Fp".\Debug\CS580HW4.pch" /Fo".\Debug\\" /Fd".\Debug\vc120.pdb" /Gd /TP /analyze- /errorReport:prompt Application4.cpp
  Application4.cpp
c:\users\felicitia\desktop\hw4\application4.cpp(93): warning C4305: 'initializing' : truncation from 'double' to 'float'
c:\users\felicitia\desktop\hw4\application4.cpp(101): warning C4305: 'initializing' : truncation from 'double' to 'float'
c:\users\felicitia\desktop\hw4\application4.cpp(104): warning C4305: '=' : truncation from 'double' to 'float'
c:\users\felicitia\desktop\hw4\application4.cpp(105): warning C4305: '=' : truncation from 'double' to 'float'
c:\users\felicitia\desktop\hw4\application4.cpp(106): warning C4305: '=' : truncation from 'double' to 'float'
c:\users\felicitia\desktop\hw4\application4.cpp(108): warning C4305: '=' : truncation from 'double' to 'float'
c:\users\felicitia\desktop\hw4\application4.cpp(109): warning C4305: '=' : truncation from 'double' to 'float'
c:\users\felicitia\desktop\hw4\application4.cpp(112): warning C4305: '=' : truncation from 'double' to 'float'
c:\users\felicitia\desktop\hw4\application4.cpp(116): warning C4305: '=' : truncation from 'double' to 'float'
c:\users\felicitia\desktop\hw4\application4.cpp(125): warning C4305: 'initializing' : truncation from 'double' to 'float'
c:\users\felicitia\desktop\hw4\application4.cpp(126): warning C4305: 'initializing' : truncation from 'double' to 'float'
c:\users\felicitia\desktop\hw4\application4.cpp(127): warning C4305: 'initializing' : truncation from 'double' to 'float'
c:\users\felicitia\desktop\hw4\application4.cpp(128): warning C4305: 'initializing' : truncation from 'double' to 'float'
c:\users\felicitia\desktop\hw4\application4.cpp(131): warning C4305: 'initializing' : truncation from 'double' to 'float'
c:\users\felicitia\desktop\hw4\application4.cpp(132): warning C4305: 'initializing' : truncation from 'double' to 'float'
c:\users\felicitia\desktop\hw4\application4.cpp(133): warning C4305: 'initializing' : truncation from 'double' to 'float'
c:\users\felicitia\desktop\hw4\application4.cpp(50): warning C4101: 'shaderType' : unreferenced local variable
c:\users\felicitia\desktop\hw4\application4.cpp(215): warning C4996: 'fopen': This function or variable may be unsafe. Consider using fopen_s instead. To disable deprecation, use _CRT_SECURE_NO_WARNINGS. See online help for details.
          c:\visual studio 2013\vc\include\stdio.h(211) : see declaration of 'fopen'
c:\users\felicitia\desktop\hw4\application4.cpp(222): warning C4996: 'fopen': This function or variable may be unsafe. Consider using fopen_s instead. To disable deprecation, use _CRT_SECURE_NO_WARNINGS. See online help for details.
          c:\visual studio 2013\vc\include\stdio.h(211) : see declaration of 'fopen'
c:\users\felicitia\desktop\hw4\application4.cpp(232): warning C4996: 'fscanf': This function or variable may be unsafe. Consider using fscanf_s instead. To disable deprecation, use _CRT_SECURE_NO_WARNINGS. See online help for details.
          c:\visual studio 2013\vc\include\stdio.h(230) : see declaration of 'fscanf'
c:\users\felicitia\desktop\hw4\application4.cpp(238): warning C4996: 'fscanf': This function or variable may be unsafe. Consider using fscanf_s instead. To disable deprecation, use _CRT_SECURE_NO_WARNINGS. See online help for details.
          c:\visual studio 2013\vc\include\stdio.h(230) : see declaration of 'fscanf'
c:\users\felicitia\desktop\hw4\application4.cpp(244): warning C4996: 'fscanf': This function or variable may be unsafe. Consider using fscanf_s instead. To disable deprecation, use _CRT_SECURE_NO_WARNINGS. See online help for details.
          c:\visual studio 2013\vc\include\stdio.h(230) : see declaration of 'fscanf'
c:\users\felicitia\desktop\hw4\application4.cpp(250): warning C4996: 'fscanf': This function or variable may be unsafe. Consider using fscanf_s instead. To disable deprecation, use _CRT_SECURE_NO_WARNINGS. See online help for details.
          c:\visual studio 2013\vc\include\stdio.h(230) : see declaration of 'fscanf'
Link:
  C:\visual studio 2013\VC\bin\link.exe /ERRORREPORT:PROMPT /OUT:".\Debug\CS580HW4.exe" /INCREMENTAL /NOLOGO /MANIFEST /MANIFESTUAC:"level='asInvoker' uiAccess='false'" /manifest:embed /manifestinput:"C:\visual studio 2013\VC\Include\Manifest\dpiaware.manifest" /DEBUG /PDB:".\Debug\CS580HW4.pdb" /SUBSYSTEM:WINDOWS /TLBID:1 /ENTRY:"wWinMainCRTStartup" /DYNAMICBASE /NXCOMPAT /IMPLIB:".\Debug\CS580HW4.lib" /MACHINE:X86 /SAFESEH .\Debug\CS580HW.res
  .\Debug\Application.obj
  .\Debug\Application4.obj
  .\Debug\CS580HW.obj
  .\Debug\CS580HWDoc.obj
  .\Debug\CS580HWView.obj
  .\Debug\disp.obj
  .\Debug\MainFrm.obj
  .\Debug\rend.obj
  .\Debug\RotateDlg.obj
  .\Debug\ScaleDlg.obj
  .\Debug\StdAfx.obj
  .\Debug\TranslateDlg.obj
  CS580HW4.vcxproj -> C:\Users\felicitia\Desktop\HW4\.\Debug\CS580HW4.exe
Done Building Project "C:\Users\felicitia\Desktop\HW4\CS580HW4.vcxproj" (Build target(s)).

Build succeeded.

Time Elapsed 00:00:01.51
